â•â•â•â•â•â•â•â•â•â•â•â•â•â•â•â•â•â•â•â•â•â•â•â•â•â•â•â•â•â•â•â•â•â•â•â•â•â•â•â•â•â•
[33m      EvalArgs      [0m
â”€â”€â”€â”€â”€â”€â”€â”€â”€â”€â”€â”€â”€â”€â”€â”€â”€â”€â”€â”€â”¬â”€â”€â”€â”€â”€â”€â”€â”€â”€â”€â”€â”€â”€â”€â”€â”€â”€â”€â”€â”€â”€
        seed        â”‚ 10                  
       env_id       â”‚ manhattan-tiny      
     input_dim      â”‚ 1                   
     latent_dim     â”‚ 2                   
      metric_p      â”‚ 1                   
     view_mode      â”‚ omni-gray           
       n_envs       â”‚ 10                  
    num_rollouts    â”‚ 200                 
       limit        â”‚ 2                   
     neighbor_r     â”‚ 0.00024             
   neighbor_r_min   â”‚ None                
      h_scale       â”‚ 1.2                 
     search_alg     â”‚ a_star              
     num_epochs     â”‚ 800                 
     batch_size     â”‚ 10                  
   global_metric    â”‚ ResNet18L2          
       device       â”‚ cpu                 
â•â•â•â•â•â•â•â•â•â•â•â•â•â•â•â•â•â•â•â•â•§â•â•â•â•â•â•â•â•â•â•â•â•â•â•â•â•â•â•â•â•â•
[33m       DEBUG        [0m
â”€â”€â”€â”€â”€â”€â”€â”€â”€â”€â”€â”€â”€â”€â”€â”€â”€â”€â”€â”€â”¬â”€â”€â”€â”€â”€â”€â”€â”€â”€â”€â”€â”€â”€â”€â”€â”€â”€â”€â”€â”€â”€
  supervise_value   â”‚ False               
â•â•â•â•â•â•â•â•â•â•â•â•â•â•â•â•â•â•â•â•â•§â•â•â•â•â•â•â•â•â•â•â•â•â•â•â•â•â•â•â•â•â•
[32m['/Users/ge/fair/streetlearn/processed-data/manhattan-tiny/view_512/chunk_0000.npy']
[0m[32m['/Users/ge/fair/streetlearn/processed-data/manhattan-tiny/view_512/chunk_0000.npy']
[0m[32m['/Users/ge/fair/streetlearn/processed-data/manhattan-tiny/view_512/chunk_0000.npy']
[0m[32m['/Users/ge/fair/streetlearn/processed-data/manhattan-medium/view_512/chunk_0000.npy']
[0m[32m['/Users/ge/fair/streetlearn/processed-data/manhattan-medium/view_512/chunk_0000.npy']
[0m[32m['/Users/ge/fair/streetlearn/processed-data/manhattan-medium/view_512/chunk_0000.npy']
[0m[32m['/Users/ge/fair/streetlearn/processed-data/manhattan-medium/view_512/chunk_0000.npy']
[0m[32m['/Users/ge/fair/streetlearn/processed-data/manhattan-medium/view_512/chunk_0000.npy']
[0m[32m['/Users/ge/fair/streetlearn/processed-data/manhattan-medium/view_512/chunk_0000.npy']
[0m[32m['/Users/ge/fair/streetlearn/processed-data/manhattan-medium/view_512/chunk_0000.npy']
[0m[32m['/Users/ge/fair/streetlearn/processed-data/manhattan-medium/view_512/chunk_0000.npy']
[0m[32m['/Users/ge/fair/streetlearn/processed-data/manhattan-medium/view_512/chunk_0000.npy']
[0m[32m['/Users/ge/fair/streetlearn/processed-data/manhattan-medium/view_512/chunk_0000.npy']
[0m[32m['/Users/ge/fair/streetlearn/processed-data/manhattan-medium/view_512/chunk_0000.npy']
[0m[32m['/Users/ge/fair/streetlearn/processed-data/manhattan-medium/view_512/chunk_0000.npy']
[0m[32m['/Users/ge/fair/streetlearn/processed-data/manhattan-medium/view_512/chunk_0000.npy']
[0m[32m['/Users/ge/fair/streetlearn/processed-data/manhattan-medium/view_512/chunk_0000.npy']
[0m[32m['/Users/ge/fair/streetlearn/processed-data/manhattan-medium/view_512/chunk_0000.npy']
[0m[32m['/Users/ge/fair/streetlearn/processed-data/manhattan-medium/view_512/chunk_0000.npy']
[0m[32m['/Users/ge/fair/streetlearn/processed-data/manhattan-medium/view_512/chunk_0000.npy']
[0m[32m['/Users/ge/fair/streetlearn/processed-data/manhattan-medium/view_512/chunk_0000.npy']
[0m[32m['/Users/ge/fair/streetlearn/processed-data/manhattan-medium/view_512/chunk_0000.npy']
[0m[32m['/Users/ge/fair/streetlearn/processed-data/manhattan-medium/view_512/chunk_0000.npy']
[0m[32m['/Users/ge/fair/streetlearn/processed-data/manhattan-medium/view_512/chunk_0000.npy']
[0m[32m['/Users/ge/fair/streetlearn/processed-data/manhattan-small/view_512/chunk_0000.npy']
[0m[32m['/Users/ge/fair/streetlearn/processed-data/manhattan-medium/view_512/chunk_0000.npy']
[0m[32m['/Users/ge/fair/streetlearn/processed-data/manhattan-medium/view_512/chunk_0000.npy']
[0m[32m['/Users/ge/fair/streetlearn/processed-data/manhattan-small/view_512/chunk_0000.npy']
[0m[32m['/Users/ge/fair/streetlearn/processed-data/manhattan-small/view_512/chunk_0000.npy']
[0m[32m['/Users/ge/fair/streetlearn/processed-data/manhattan-medium/view_512/chunk_0000.npy']
[0m[32m['/Users/ge/fair/streetlearn/processed-data/manhattan-medium/view_512/chunk_0000.npy']
[0m[32m['/Users/ge/fair/streetlearn/processed-data/manhattan-small/view_512/chunk_0000.npy']
[0m[32m['/Users/ge/fair/streetlearn/processed-data/manhattan-small/view_512/chunk_0000.npy']
[0m[32m['/Users/ge/fair/streetlearn/processed-data/manhattan-small/view_512/chunk_0000.npy']
[0m