â•â•â•â•â•â•â•â•â•â•â•â•â•â•â•â•â•â•â•â•â•â•â•â•â•â•â•â•â•â•â•â•â•â•â•â•â•â•â•â•â•â•
[33m        Args        [0m
â”€â”€â”€â”€â”€â”€â”€â”€â”€â”€â”€â”€â”€â”€â”€â”€â”€â”€â”€â”€â”¬â”€â”€â”€â”€â”€â”€â”€â”€â”€â”€â”€â”€â”€â”€â”€â”€â”€â”€â”€â”€â”€
        seed        â”‚ 0                   
       env_id       â”‚ GoalMassDiscreteImgIdLess-v0
      goal_key      â”‚ goal_img            
      obs_key       â”‚ img                 
      num_envs      â”‚ 20                  
     n_rollouts     â”‚ 1000                
     timesteps      â”‚ 10                  
     latent_dim     â”‚ 2                   
   pair_distance    â”‚ 0.05                
       k_fold       â”‚ 10                  
     batch_size     â”‚ 100                 
     n_workers      â”‚ 5                   
   download_mnist   â”‚ False               
      n_epochs      â”‚ 100                 
         lr         â”‚ 0.0001              
     optimizer      â”‚ Adam                
      use_gpu       â”‚ True                
  checkpoint_last   â”‚ True                
â•â•â•â•â•â•â•â•â•â•â•â•â•â•â•â•â•â•â•â•â•§â•â•â•â•â•â•â•â•â•â•â•â•â•â•â•â•â•â•â•â•â•
â•â•â•â•â•â•â•â•â•â•â•â•â•â•â•â•â•â•â•â•â•â•â•â•â•â•â•â•â•â•â•â•â•â•â•â•â•â•â•â•â•â•
[33m        env         [0m
â”€â”€â”€â”€â”€â”€â”€â”€â”€â”€â”€â”€â”€â”€â”€â”€â”€â”€â”€â”€â”¬â”€â”€â”€â”€â”€â”€â”€â”€â”€â”€â”€â”€â”€â”€â”€â”€â”€â”€â”€â”€â”€
      discrete      â”‚ True                
      id_less       â”‚ True                
      obs_keys      â”‚ ('x', 'img', 'goal', 'goal_img')
â•â•â•â•â•â•â•â•â•â•â•â•â•â•â•â•â•â•â•â•â•§â•â•â•â•â•â•â•â•â•â•â•â•â•â•â•â•â•â•â•â•â•
â•â•â•â•â•â•â•â•â•â•â•â•â•â•â•â•â•â•â•â•â•â•â•â•â•â•â•â•â•â•â•â•â•â•â•â•â•â•â•â•â•â•
[33m        Args        [0m
â”€â”€â”€â”€â”€â”€â”€â”€â”€â”€â”€â”€â”€â”€â”€â”€â”€â”€â”€â”€â”¬â”€â”€â”€â”€â”€â”€â”€â”€â”€â”€â”€â”€â”€â”€â”€â”€â”€â”€â”€â”€â”€
        seed        â”‚ 0                   
       env_id       â”‚ GoalMassDiscreteImgIdLess-v0
      goal_key      â”‚ goal_img            
      obs_key       â”‚ img                 
      num_envs      â”‚ 20                  
     n_rollouts     â”‚ 1000                
     timesteps      â”‚ 10                  
     latent_dim     â”‚ 2                   
   pair_distance    â”‚ 0.05                
       k_fold       â”‚ 10                  
     batch_size     â”‚ 100                 
     n_workers      â”‚ 5                   
   download_mnist   â”‚ False               
      n_epochs      â”‚ 100                 
         lr         â”‚ 0.0001              
     optimizer      â”‚ Adam                
      use_gpu       â”‚ True                
  checkpoint_last   â”‚ True                
â•â•â•â•â•â•â•â•â•â•â•â•â•â•â•â•â•â•â•â•â•§â•â•â•â•â•â•â•â•â•â•â•â•â•â•â•â•â•â•â•â•â•
â•â•â•â•â•â•â•â•â•â•â•â•â•â•â•â•â•â•â•â•â•â•â•â•â•â•â•â•â•â•â•â•â•â•â•â•â•â•â•â•â•â•
[33m        env         [0m
â”€â”€â”€â”€â”€â”€â”€â”€â”€â”€â”€â”€â”€â”€â”€â”€â”€â”€â”€â”€â”¬â”€â”€â”€â”€â”€â”€â”€â”€â”€â”€â”€â”€â”€â”€â”€â”€â”€â”€â”€â”€â”€
      discrete      â”‚ True                
      id_less       â”‚ True                
      obs_keys      â”‚ ('x', 'img', 'goal', 'goal_img')
â•â•â•â•â•â•â•â•â•â•â•â•â•â•â•â•â•â•â•â•â•§â•â•â•â•â•â•â•â•â•â•â•â•â•â•â•â•â•â•â•â•â•
â•â•â•â•â•â•â•â•â•â•â•â•â•â•â•â•â•â•â•â•â•â•â•â•â•â•â•â•â•â•â•â•â•â•â•â•â•â•â•â•â•â•
[33m        Args        [0m
â”€â”€â”€â”€â”€â”€â”€â”€â”€â”€â”€â”€â”€â”€â”€â”€â”€â”€â”€â”€â”¬â”€â”€â”€â”€â”€â”€â”€â”€â”€â”€â”€â”€â”€â”€â”€â”€â”€â”€â”€â”€â”€
        seed        â”‚ 0                   
       env_id       â”‚ GoalMassDiscreteImgIdLess-v0
      goal_key      â”‚ goal_img            
      obs_key       â”‚ img                 
      num_envs      â”‚ 20                  
     n_rollouts     â”‚ 1000                
     timesteps      â”‚ 10                  
     latent_dim     â”‚ 2                   
   pair_distance    â”‚ 0.05                
       k_fold       â”‚ 10                  
     batch_size     â”‚ 100                 
     n_workers      â”‚ 5                   
   download_mnist   â”‚ False               
      n_epochs      â”‚ 100                 
         lr         â”‚ 0.0001              
     optimizer      â”‚ Adam                
      use_gpu       â”‚ True                
  checkpoint_last   â”‚ True                
â•â•â•â•â•â•â•â•â•â•â•â•â•â•â•â•â•â•â•â•â•§â•â•â•â•â•â•â•â•â•â•â•â•â•â•â•â•â•â•â•â•â•
â•â•â•â•â•â•â•â•â•â•â•â•â•â•â•â•â•â•â•â•â•â•â•â•â•â•â•â•â•â•â•â•â•â•â•â•â•â•â•â•â•â•
[33m        env         [0m
â”€â”€â”€â”€â”€â”€â”€â”€â”€â”€â”€â”€â”€â”€â”€â”€â”€â”€â”€â”€â”¬â”€â”€â”€â”€â”€â”€â”€â”€â”€â”€â”€â”€â”€â”€â”€â”€â”€â”€â”€â”€â”€
      discrete      â”‚ True                
      id_less       â”‚ True                
      obs_keys      â”‚ ('x', 'img', 'goal', 'goal_img')
â•â•â•â•â•â•â•â•â•â•â•â•â•â•â•â•â•â•â•â•â•§â•â•â•â•â•â•â•â•â•â•â•â•â•â•â•â•â•â•â•â•â•
