â•â•â•â•â•â•â•â•â•â•â•â•â•â•â•â•â•â•â•â•â•â•â•â•â•â•â•â•â•â•â•â•â•â•â•â•â•â•â•â•â•â•
[33m        Args        [0m
â”€â”€â”€â”€â”€â”€â”€â”€â”€â”€â”€â”€â”€â”€â”€â”€â”€â”€â”€â”€â”¬â”€â”€â”€â”€â”€â”€â”€â”€â”€â”€â”€â”€â”€â”€â”€â”€â”€â”€â”€â”€â”€
     batch_size     â”‚ 100                 
     n_workers      â”‚ 5                   
     pin_memory     â”‚ True                
     latent_dim     â”‚ 2                   
   download_mnist   â”‚ False               
      n_epochs      â”‚ 100                 
         lr         â”‚ 0.0001              
     optimizer      â”‚ Adam                
      use_gpu       â”‚ True                
â•â•â•â•â•â•â•â•â•â•â•â•â•â•â•â•â•â•â•â•â•§â•â•â•â•â•â•â•â•â•â•â•â•â•â•â•â•â•â•â•â•â•
â•â•â•â•â•â•â•â•â•â•â•â•â•â•â•â•â•â•â•â•â•â•â•â•â•â•â•â•â•â•â•â•â•â•â•â•â•â•â•â•â•â•
[33m        Args        [0m
â”€â”€â”€â”€â”€â”€â”€â”€â”€â”€â”€â”€â”€â”€â”€â”€â”€â”€â”€â”€â”¬â”€â”€â”€â”€â”€â”€â”€â”€â”€â”€â”€â”€â”€â”€â”€â”€â”€â”€â”€â”€â”€
        seed        â”‚ 100                 
       env_id       â”‚ CMazeImgIdLess-v0   
    num_rollouts    â”‚ 400                 
      obs_keys      â”‚ ('img', 'x')        
       limit        â”‚ 2                   
      act_dim       â”‚ 2                   
      obs_dim       â”‚ 8                   
     latent_dim     â”‚ 10                  
     batch_size     â”‚ 100                 
  test_batch_size   â”‚ 2                   
      n_epochs      â”‚ 400                 
         lr         â”‚ 0.0001              
     optimizer      â”‚ Adam                
      use_gpu       â”‚ True                
   debug_interval   â”‚ 10                  
â•â•â•â•â•â•â•â•â•â•â•â•â•â•â•â•â•â•â•â•â•§â•â•â•â•â•â•â•â•â•â•â•â•â•â•â•â•â•â•â•â•â•
[32mseed 100 has finished sampling.
[0mâ•â•â•â•â•â•â•â•â•â•â•â•â•â•â•â•â•â•â•â•â•â•â•â•â•â•â•â•â•â•â•â•â•â•â•â•â•â•â•â•â•â•
[33m        Args        [0m
â”€â”€â”€â”€â”€â”€â”€â”€â”€â”€â”€â”€â”€â”€â”€â”€â”€â”€â”€â”€â”¬â”€â”€â”€â”€â”€â”€â”€â”€â”€â”€â”€â”€â”€â”€â”€â”€â”€â”€â”€â”€â”€
        seed        â”‚ 100                 
       env_id       â”‚ CMazeDiscreteImgIdLess-v0
    num_rollouts    â”‚ 400                 
      obs_keys      â”‚ ('img', 'x')        
     image_key      â”‚ img                 
       limit        â”‚ 2                   
      act_dim       â”‚ 2                   
      obs_dim       â”‚ 8                   
     latent_dim     â”‚ 10                  
     batch_size     â”‚ 100                 
  test_batch_size   â”‚ 2                   
      n_epochs      â”‚ 400                 
         lr         â”‚ 0.0001              
     optimizer      â”‚ Adam                
      use_gpu       â”‚ True                
   debug_interval   â”‚ 10                  
â•â•â•â•â•â•â•â•â•â•â•â•â•â•â•â•â•â•â•â•â•§â•â•â•â•â•â•â•â•â•â•â•â•â•â•â•â•â•â•â•â•â•
[32mseed 100 has finished sampling.
[0mâ•â•â•â•â•â•â•â•â•â•â•â•â•â•â•â•â•â•â•â•â•â•â•â•â•â•â•â•â•â•â•â•â•â•â•â•â•â•â•â•â•â•
[33m        Args        [0m
â”€â”€â”€â”€â”€â”€â”€â”€â”€â”€â”€â”€â”€â”€â”€â”€â”€â”€â”€â”€â”¬â”€â”€â”€â”€â”€â”€â”€â”€â”€â”€â”€â”€â”€â”€â”€â”€â”€â”€â”€â”€â”€
        seed        â”‚ 100                 
       env_id       â”‚ CMazeDiscreteImgIdLess-v0
    num_rollouts    â”‚ 400                 
      obs_keys      â”‚ ('img', 'x')        
     image_key      â”‚ img                 
       limit        â”‚ 2                   
      act_dim       â”‚ 2                   
      obs_dim       â”‚ 8                   
     latent_dim     â”‚ 10                  
     batch_size     â”‚ 100                 
  test_batch_size   â”‚ 2                   
      n_epochs      â”‚ 400                 
         lr         â”‚ 0.0001              
     optimizer      â”‚ Adam                
      use_gpu       â”‚ True                
   debug_interval   â”‚ 10                  
       device       â”‚ cpu                 
â•â•â•â•â•â•â•â•â•â•â•â•â•â•â•â•â•â•â•â•â•§â•â•â•â•â•â•â•â•â•â•â•â•â•â•â•â•â•â•â•â•â•
[32mseed 100 has finished sampling.
[0mâ•â•â•â•â•â•â•â•â•â•â•â•â•â•â•â•â•â•â•â•â•â•â•â•â•â•â•â•â•â•â•â•â•â•â•â•â•â•â•â•â•â•
[33m        Args        [0m
â”€â”€â”€â”€â”€â”€â”€â”€â”€â”€â”€â”€â”€â”€â”€â”€â”€â”€â”€â”€â”¬â”€â”€â”€â”€â”€â”€â”€â”€â”€â”€â”€â”€â”€â”€â”€â”€â”€â”€â”€â”€â”€
        seed        â”‚ 100                 
       env_id       â”‚ CMazeDiscreteImgIdLess-v0
    num_rollouts    â”‚ 400                 
      obs_keys      â”‚ ('img', 'x')        
     image_key      â”‚ img                 
       limit        â”‚ 2                   
       k_fold       â”‚ None                
      act_dim       â”‚ 2                   
      obs_dim       â”‚ 8                   
     latent_dim     â”‚ 10                  
     batch_size     â”‚ 100                 
  test_batch_size   â”‚ 2                   
      n_epochs      â”‚ 400                 
         lr         â”‚ 0.0001              
     optimizer      â”‚ Adam                
      use_gpu       â”‚ True                
   debug_interval   â”‚ 10                  
       device       â”‚ cpu                 
â•â•â•â•â•â•â•â•â•â•â•â•â•â•â•â•â•â•â•â•â•§â•â•â•â•â•â•â•â•â•â•â•â•â•â•â•â•â•â•â•â•â•
[32mseed 100 has finished sampling.
[0mâ•â•â•â•â•â•â•â•â•â•â•â•â•â•â•â•â•â•â•â•â•â•â•â•â•â•â•â•â•â•â•â•â•â•â•â•â•â•â•â•â•â•
[33m        Args        [0m
â”€â”€â”€â”€â”€â”€â”€â”€â”€â”€â”€â”€â”€â”€â”€â”€â”€â”€â”€â”€â”¬â”€â”€â”€â”€â”€â”€â”€â”€â”€â”€â”€â”€â”€â”€â”€â”€â”€â”€â”€â”€â”€
        seed        â”‚ 100                 
       env_id       â”‚ CMazeDiscreteImgIdLess-v0
    num_rollouts    â”‚ 400                 
      obs_keys      â”‚ ('img', 'x')        
     image_key      â”‚ img                 
       limit        â”‚ 2                   
       k_fold       â”‚ None                
      act_dim       â”‚ 2                   
      obs_dim       â”‚ 8                   
     latent_dim     â”‚ 10                  
     batch_size     â”‚ 100                 
  test_batch_size   â”‚ 2                   
      n_epochs      â”‚ 400                 
         lr         â”‚ 0.0001              
     optimizer      â”‚ Adam                
      use_gpu       â”‚ True                
   debug_interval   â”‚ 10                  
       device       â”‚ cpu                 
â•â•â•â•â•â•â•â•â•â•â•â•â•â•â•â•â•â•â•â•â•§â•â•â•â•â•â•â•â•â•â•â•â•â•â•â•â•â•â•â•â•â•
[32mseed 100 has finished sampling.
[0mâ•â•â•â•â•â•â•â•â•â•â•â•â•â•â•â•â•â•â•â•â•â•â•â•â•â•â•â•â•â•â•â•â•â•â•â•â•â•â•â•â•â•
[33m        Args        [0m
â”€â”€â”€â”€â”€â”€â”€â”€â”€â”€â”€â”€â”€â”€â”€â”€â”€â”€â”€â”€â”¬â”€â”€â”€â”€â”€â”€â”€â”€â”€â”€â”€â”€â”€â”€â”€â”€â”€â”€â”€â”€â”€
        seed        â”‚ 100                 
       env_id       â”‚ CMazeDiscreteImgIdLess-v0
    num_rollouts    â”‚ 400                 
      obs_keys      â”‚ ('img', 'x')        
     image_key      â”‚ img                 
       limit        â”‚ 2                   
       k_fold       â”‚ None                
      act_dim       â”‚ 2                   
      obs_dim       â”‚ 8                   
     latent_dim     â”‚ 10                  
     batch_size     â”‚ 100                 
  test_batch_size   â”‚ 2                   
      n_epochs      â”‚ 400                 
         lr         â”‚ 0.0001              
     optimizer      â”‚ Adam                
      use_gpu       â”‚ True                
   debug_interval   â”‚ 10                  
       device       â”‚ cpu                 
â•â•â•â•â•â•â•â•â•â•â•â•â•â•â•â•â•â•â•â•â•§â•â•â•â•â•â•â•â•â•â•â•â•â•â•â•â•â•â•â•â•â•
[32mseed 100 has finished sampling.
[0mâ•â•â•â•â•â•â•â•â•â•â•â•â•â•â•â•â•â•â•â•â•â•â•â•â•â•â•â•â•â•â•â•â•â•â•â•â•â•â•â•â•â•
[33m        Args        [0m
â”€â”€â”€â”€â”€â”€â”€â”€â”€â”€â”€â”€â”€â”€â”€â”€â”€â”€â”€â”€â”¬â”€â”€â”€â”€â”€â”€â”€â”€â”€â”€â”€â”€â”€â”€â”€â”€â”€â”€â”€â”€â”€
        seed        â”‚ 100                 
       env_id       â”‚ CMazeDiscreteImgIdLess-v0
    num_rollouts    â”‚ 400                 
      obs_keys      â”‚ ('img', 'x')        
     image_key      â”‚ img                 
       limit        â”‚ 2                   
       k_fold       â”‚ None                
      act_dim       â”‚ 2                   
      obs_dim       â”‚ 8                   
     latent_dim     â”‚ 10                  
     batch_size     â”‚ 100                 
  test_batch_size   â”‚ 2                   
      n_epochs      â”‚ 400                 
         lr         â”‚ 0.0001              
     optimizer      â”‚ Adam                
      use_gpu       â”‚ True                
   debug_interval   â”‚ 10                  
       device       â”‚ cpu                 
â•â•â•â•â•â•â•â•â•â•â•â•â•â•â•â•â•â•â•â•â•§â•â•â•â•â•â•â•â•â•â•â•â•â•â•â•â•â•â•â•â•â•
[32mseed 100 has finished sampling.
[0mâ•â•â•â•â•â•â•â•â•â•â•â•â•â•â•â•â•â•â•â•â•â•â•â•â•â•â•â•â•â•â•â•â•â•â•â•â•â•â•â•â•â•
[33m        Args        [0m
â”€â”€â”€â”€â”€â”€â”€â”€â”€â”€â”€â”€â”€â”€â”€â”€â”€â”€â”€â”€â”¬â”€â”€â”€â”€â”€â”€â”€â”€â”€â”€â”€â”€â”€â”€â”€â”€â”€â”€â”€â”€â”€
        seed        â”‚ 100                 
       env_id       â”‚ CMazeDiscreteImgIdLess-v0
    num_rollouts    â”‚ 400                 
      obs_keys      â”‚ ('img', 'x')        
     image_key      â”‚ img                 
       limit        â”‚ 2                   
       k_fold       â”‚ None                
      act_dim       â”‚ 2                   
      obs_dim       â”‚ 8                   
     latent_dim     â”‚ 10                  
     batch_size     â”‚ 100                 
  test_batch_size   â”‚ 2                   
      n_epochs      â”‚ 400                 
         lr         â”‚ 0.0001              
     optimizer      â”‚ Adam                
      use_gpu       â”‚ True                
   debug_interval   â”‚ 10                  
       device       â”‚ cpu                 
â•â•â•â•â•â•â•â•â•â•â•â•â•â•â•â•â•â•â•â•â•§â•â•â•â•â•â•â•â•â•â•â•â•â•â•â•â•â•â•â•â•â•
[32mseed 100 has finished sampling.
[0mâ•â•â•â•â•â•â•â•â•â•â•â•â•â•â•â•â•â•â•â•â•â•â•â•â•â•â•â•â•â•â•â•â•â•â•â•â•â•â•â•â•â•
[33m        Args        [0m
â”€â”€â”€â”€â”€â”€â”€â”€â”€â”€â”€â”€â”€â”€â”€â”€â”€â”€â”€â”€â”¬â”€â”€â”€â”€â”€â”€â”€â”€â”€â”€â”€â”€â”€â”€â”€â”€â”€â”€â”€â”€â”€
        seed        â”‚ 100                 
       env_id       â”‚ CMazeDiscreteImgIdLess-v0
    num_rollouts    â”‚ 400                 
      obs_keys      â”‚ ('img', 'x')        
     image_key      â”‚ img                 
       limit        â”‚ 2                   
       k_fold       â”‚ None                
      act_dim       â”‚ 2                   
      obs_dim       â”‚ 8                   
     latent_dim     â”‚ 10                  
     batch_size     â”‚ 100                 
  test_batch_size   â”‚ 2                   
      n_epochs      â”‚ 400                 
         lr         â”‚ 0.0001              
     optimizer      â”‚ Adam                
      use_gpu       â”‚ True                
   debug_interval   â”‚ 10                  
       device       â”‚ cpu                 
â•â•â•â•â•â•â•â•â•â•â•â•â•â•â•â•â•â•â•â•â•§â•â•â•â•â•â•â•â•â•â•â•â•â•â•â•â•â•â•â•â•â•
[32mseed 100 has finished sampling.
[0mâ•â•â•â•â•â•â•â•â•â•â•â•â•â•â•â•â•â•â•â•â•â•â•â•â•â•â•â•â•â•â•â•â•â•â•â•â•â•â•â•â•â•
[33m        Args        [0m
â”€â”€â”€â”€â”€â”€â”€â”€â”€â”€â”€â”€â”€â”€â”€â”€â”€â”€â”€â”€â”¬â”€â”€â”€â”€â”€â”€â”€â”€â”€â”€â”€â”€â”€â”€â”€â”€â”€â”€â”€â”€â”€
        seed        â”‚ 100                 
       env_id       â”‚ CMazeDiscreteImgIdLess-v0
    num_rollouts    â”‚ 400                 
      obs_keys      â”‚ ('img', 'x')        
     image_key      â”‚ img                 
       limit        â”‚ 2                   
       k_fold       â”‚ None                
      act_dim       â”‚ 2                   
      obs_dim       â”‚ 8                   
     latent_dim     â”‚ 10                  
     batch_size     â”‚ 100                 
  test_batch_size   â”‚ 2                   
      n_epochs      â”‚ 400                 
         lr         â”‚ 0.0001              
     optimizer      â”‚ Adam                
      use_gpu       â”‚ True                
   debug_interval   â”‚ 10                  
       device       â”‚ cpu                 
â•â•â•â•â•â•â•â•â•â•â•â•â•â•â•â•â•â•â•â•â•§â•â•â•â•â•â•â•â•â•â•â•â•â•â•â•â•â•â•â•â•â•
[32mseed 100 has finished sampling.
[0mâ•â•â•â•â•â•â•â•â•â•â•â•â•â•â•â•â•â•â•â•â•â•â•â•â•â•â•â•â•â•â•â•â•â•â•â•â•â•â•â•â•â•
[33m        Args        [0m
â”€â”€â”€â”€â”€â”€â”€â”€â”€â”€â”€â”€â”€â”€â”€â”€â”€â”€â”€â”€â”¬â”€â”€â”€â”€â”€â”€â”€â”€â”€â”€â”€â”€â”€â”€â”€â”€â”€â”€â”€â”€â”€
        seed        â”‚ 100                 
       env_id       â”‚ CMazeDiscreteImgIdLess-v0
    num_rollouts    â”‚ 400                 
      obs_keys      â”‚ ('img', 'x')        
     image_key      â”‚ img                 
       limit        â”‚ 2                   
       k_fold       â”‚ None                
      act_dim       â”‚ 2                   
      obs_dim       â”‚ 8                   
     latent_dim     â”‚ 10                  
     batch_size     â”‚ 100                 
  test_batch_size   â”‚ 2                   
      n_epochs      â”‚ 400                 
         lr         â”‚ 0.0001              
     optimizer      â”‚ Adam                
      use_gpu       â”‚ True                
   debug_interval   â”‚ 10                  
       device       â”‚ cpu                 
â•â•â•â•â•â•â•â•â•â•â•â•â•â•â•â•â•â•â•â•â•§â•â•â•â•â•â•â•â•â•â•â•â•â•â•â•â•â•â•â•â•â•
[32mseed 100 has finished sampling.
[0mâ•â•â•â•â•â•â•â•â•â•â•â•â•â•â•â•â•â•â•â•â•â•â•â•â•â•â•â•â•â•â•â•â•â•â•â•â•â•â•â•â•â•
[33m        Args        [0m
â”€â”€â”€â”€â”€â”€â”€â”€â”€â”€â”€â”€â”€â”€â”€â”€â”€â”€â”€â”€â”¬â”€â”€â”€â”€â”€â”€â”€â”€â”€â”€â”€â”€â”€â”€â”€â”€â”€â”€â”€â”€â”€
        seed        â”‚ 100                 
       env_id       â”‚ CMazeDiscreteImgIdLess-v0
    num_rollouts    â”‚ 400                 
      obs_keys      â”‚ ('img', 'x')        
     image_key      â”‚ img                 
       limit        â”‚ 2                   
       k_fold       â”‚ None                
      act_dim       â”‚ 2                   
      obs_dim       â”‚ 8                   
     latent_dim     â”‚ 10                  
     batch_size     â”‚ 100                 
  test_batch_size   â”‚ 2                   
      n_epochs      â”‚ 400                 
         lr         â”‚ 0.0001              
     optimizer      â”‚ Adam                
      use_gpu       â”‚ True                
   debug_interval   â”‚ 10                  
       device       â”‚ cpu                 
â•â•â•â•â•â•â•â•â•â•â•â•â•â•â•â•â•â•â•â•â•§â•â•â•â•â•â•â•â•â•â•â•â•â•â•â•â•â•â•â•â•â•
[32mseed 100 has finished sampling.
[0mâ•â•â•â•â•â•â•â•â•â•â•â•â•â•â•â•â•â•â•â•â•â•â•â•â•â•â•â•â•â•â•â•â•â•â•â•â•â•â•â•â•â•
[33m        Args        [0m
â”€â”€â”€â”€â”€â”€â”€â”€â”€â”€â”€â”€â”€â”€â”€â”€â”€â”€â”€â”€â”¬â”€â”€â”€â”€â”€â”€â”€â”€â”€â”€â”€â”€â”€â”€â”€â”€â”€â”€â”€â”€â”€
        seed        â”‚ 100                 
       env_id       â”‚ CMazeDiscreteImgIdLess-v0
    num_rollouts    â”‚ 400                 
      obs_keys      â”‚ ('img', 'x')        
     image_key      â”‚ img                 
       limit        â”‚ 2                   
       k_fold       â”‚ None                
      act_dim       â”‚ 2                   
      obs_dim       â”‚ 8                   
     latent_dim     â”‚ 2                   
     batch_size     â”‚ 100                 
  test_batch_size   â”‚ 2                   
      n_epochs      â”‚ 400                 
         lr         â”‚ 0.0001              
     optimizer      â”‚ Adam                
      use_gpu       â”‚ True                
   debug_interval   â”‚ 10                  
       device       â”‚ cpu                 
â•â•â•â•â•â•â•â•â•â•â•â•â•â•â•â•â•â•â•â•â•§â•â•â•â•â•â•â•â•â•â•â•â•â•â•â•â•â•â•â•â•â•
[32mseed 100 has finished sampling.
[0mâ•â•â•â•â•â•â•â•â•â•â•â•â•â•â•â•â•â•â•â•â•â•â•â•â•â•â•â•â•â•â•â•â•â•â•â•â•â•â•â•â•â•
[33m        Args        [0m
â”€â”€â”€â”€â”€â”€â”€â”€â”€â”€â”€â”€â”€â”€â”€â”€â”€â”€â”€â”€â”¬â”€â”€â”€â”€â”€â”€â”€â”€â”€â”€â”€â”€â”€â”€â”€â”€â”€â”€â”€â”€â”€
        seed        â”‚ 100                 
       env_id       â”‚ CMazeDiscreteImgIdLess-v0
    num_rollouts    â”‚ 400                 
      obs_keys      â”‚ ('img', 'x')        
     image_key      â”‚ img                 
       limit        â”‚ 2                   
       k_fold       â”‚ None                
     input_dim      â”‚ 1                   
      act_dim       â”‚ 2                   
      obs_dim       â”‚ 8                   
     latent_dim     â”‚ 2                   
     batch_size     â”‚ 100                 
  test_batch_size   â”‚ 2                   
      n_epochs      â”‚ 400                 
         lr         â”‚ 0.0001              
     optimizer      â”‚ Adam                
      use_gpu       â”‚ True                
   debug_interval   â”‚ 10                  
       device       â”‚ cpu                 
â•â•â•â•â•â•â•â•â•â•â•â•â•â•â•â•â•â•â•â•â•§â•â•â•â•â•â•â•â•â•â•â•â•â•â•â•â•â•â•â•â•â•
[32mseed 100 has finished sampling.
[0m