â•â•â•â•â•â•â•â•â•â•â•â•â•â•â•â•â•â•â•â•â•â•â•â•â•â•â•â•â•â•â•â•â•â•â•â•â•â•â•â•â•â•
[33m        Args        [0m
â”€â”€â”€â”€â”€â”€â”€â”€â”€â”€â”€â”€â”€â”€â”€â”€â”€â”€â”€â”€â”¬â”€â”€â”€â”€â”€â”€â”€â”€â”€â”€â”€â”€â”€â”€â”€â”€â”€â”€â”€â”€â”€
       env_id       â”‚ å›MazeDiscreteIdLess-v0
        seed        â”‚ 0                   
     n_rollouts     â”‚ 200                 
      num_envs      â”‚ 20                  
     timesteps      â”‚ 10                  
     latent_dim     â”‚ 50                  
 load_local_metric  â”‚ /episodeyang/plan2vec/2019/05-13/å›-maze/å›_maze_local_metric/13.06/48.004024/models/local_metric.pkl
       top_k        â”‚ 50                  
       term_r       â”‚ 1                   
include_traj_neighborsâ”‚ True                
     plan_steps     â”‚ 3                   
      r_scale       â”‚ 0.2                 
     num_epochs     â”‚ 5000                
      batch_n       â”‚ 20                  
         H          â”‚ 50                  
       gamma        â”‚ 1                   
     eps_greedy     â”‚ 0.05                
     relabel_k      â”‚ 5                   
    optim_steps     â”‚ 6                   
  optim_batch_size  â”‚ 32                  
   target_update    â”‚ 0.95                
         lr         â”‚ 0.0001              
evaluation_interval â”‚ 10                  
visualization_intervalâ”‚ 10                  
   binary_reward    â”‚ False               
       device       â”‚ cpu                 
â•â•â•â•â•â•â•â•â•â•â•â•â•â•â•â•â•â•â•â•â•§â•â•â•â•â•â•â•â•â•â•â•â•â•â•â•â•â•â•â•â•â•
[33m       DEBUG        [0m
â”€â”€â”€â”€â”€â”€â”€â”€â”€â”€â”€â”€â”€â”€â”€â”€â”€â”€â”€â”€â”¬â”€â”€â”€â”€â”€â”€â”€â”€â”€â”€â”€â”€â”€â”€â”€â”€â”€â”€â”€â”€â”€
supervised_value_fn â”‚ False               
  oracle_planning   â”‚ False               
 oracle_eps_greedy  â”‚ False               
   random_policy    â”‚ False               
  real_r_distance   â”‚ False               
   use_true_goals   â”‚ True                
ground_truth_neighbor_râ”‚ False               
â•â•â•â•â•â•â•â•â•â•â•â•â•â•â•â•â•â•â•â•â•§â•â•â•â•â•â•â•â•â•â•â•â•â•â•â•â•â•â•â•â•â•
â•â•â•â•â•â•â•â•â•â•â•â•â•â•â•â•â•â•â•â•â•â•â•â•â•â•â•â•â•â•â•â•â•â•â•â•â•â•â•â•â•â•
[33m        Args        [0m
â”€â”€â”€â”€â”€â”€â”€â”€â”€â”€â”€â”€â”€â”€â”€â”€â”€â”€â”€â”€â”¬â”€â”€â”€â”€â”€â”€â”€â”€â”€â”€â”€â”€â”€â”€â”€â”€â”€â”€â”€â”€â”€
       env_id       â”‚ å›MazeDiscreteIdLess-v0
        seed        â”‚ 0                   
     n_rollouts     â”‚ 200                 
      num_envs      â”‚ 20                  
     timesteps      â”‚ 10                  
     latent_dim     â”‚ 50                  
 load_local_metric  â”‚ /episodeyang/plan2vec/2019/05-13/å›-maze/å›_maze_local_metric/13.06/48.004024/models/local_metric.pkl
       top_k        â”‚ 50                  
       term_r       â”‚ 1                   
include_traj_neighborsâ”‚ True                
     plan_steps     â”‚ 3                   
      r_scale       â”‚ 0.2                 
     num_epochs     â”‚ 5000                
      batch_n       â”‚ 20                  
         H          â”‚ 50                  
       gamma        â”‚ 1                   
     eps_greedy     â”‚ 0.05                
     relabel_k      â”‚ 5                   
    optim_steps     â”‚ 6                   
  optim_batch_size  â”‚ 32                  
   target_update    â”‚ 0.95                
         lr         â”‚ 0.0001              
evaluation_interval â”‚ 10                  
visualization_intervalâ”‚ 10                  
   binary_reward    â”‚ False               
       device       â”‚ cpu                 
â•â•â•â•â•â•â•â•â•â•â•â•â•â•â•â•â•â•â•â•â•§â•â•â•â•â•â•â•â•â•â•â•â•â•â•â•â•â•â•â•â•â•
[33m       DEBUG        [0m
â”€â”€â”€â”€â”€â”€â”€â”€â”€â”€â”€â”€â”€â”€â”€â”€â”€â”€â”€â”€â”¬â”€â”€â”€â”€â”€â”€â”€â”€â”€â”€â”€â”€â”€â”€â”€â”€â”€â”€â”€â”€â”€
supervised_value_fn â”‚ False               
  oracle_planning   â”‚ False               
 oracle_eps_greedy  â”‚ False               
   random_policy    â”‚ False               
  real_r_distance   â”‚ False               
   use_true_goals   â”‚ True                
ground_truth_neighbor_râ”‚ False               
â•â•â•â•â•â•â•â•â•â•â•â•â•â•â•â•â•â•â•â•â•§â•â•â•â•â•â•â•â•â•â•â•â•â•â•â•â•â•â•â•â•â•
â•â•â•â•â•â•â•â•â•â•â•â•â•â•â•â•â•â•â•â•â•â•â•â•â•â•â•â•â•â•â•â•â•â•â•â•â•â•â•â•â•â•
[33m        env         [0m
â”€â”€â”€â”€â”€â”€â”€â”€â”€â”€â”€â”€â”€â”€â”€â”€â”€â”€â”€â”€â”¬â”€â”€â”€â”€â”€â”€â”€â”€â”€â”€â”€â”€â”€â”€â”€â”€â”€â”€â”€â”€â”€
      discrete      â”‚ True                
      id_less       â”‚ True                
     act_scale      â”‚ 0.5                 
â•â•â•â•â•â•â•â•â•â•â•â•â•â•â•â•â•â•â•â•â•§â•â•â•â•â•â•â•â•â•â•â•â•â•â•â•â•â•â•â•â•â•
â•â•â•â•â•â•â•â•â•â•â•â•â•â•â•â•â•â•â•â•â•â•â•â•â•â•â•â•â•â•â•â•â•â•â•â•â•â•â•â•â•â•
[33m        Args        [0m
â”€â”€â”€â”€â”€â”€â”€â”€â”€â”€â”€â”€â”€â”€â”€â”€â”€â”€â”€â”€â”¬â”€â”€â”€â”€â”€â”€â”€â”€â”€â”€â”€â”€â”€â”€â”€â”€â”€â”€â”€â”€â”€
       env_id       â”‚ å›MazeDiscreteIdLess-v0
        seed        â”‚ 0                   
     n_rollouts     â”‚ 200                 
      num_envs      â”‚ 20                  
     timesteps      â”‚ 10                  
     latent_dim     â”‚ 50                  
 load_local_metric  â”‚ /episodeyang/plan2vec/2019/05-13/å›-maze/å›_maze_local_metric/13.06/48.004024/models/local_metric.pkl
       top_k        â”‚ 50                  
       term_r       â”‚ 1                   
include_traj_neighborsâ”‚ True                
     plan_steps     â”‚ 3                   
      r_scale       â”‚ 0.2                 
     num_epochs     â”‚ 5000                
      batch_n       â”‚ 20                  
         H          â”‚ 50                  
       gamma        â”‚ 1                   
     eps_greedy     â”‚ 0.05                
     relabel_k      â”‚ 5                   
    optim_steps     â”‚ 6                   
  optim_batch_size  â”‚ 32                  
   target_update    â”‚ 0.95                
         lr         â”‚ 0.0001              
evaluation_interval â”‚ 10                  
visualization_intervalâ”‚ 10                  
   binary_reward    â”‚ False               
       device       â”‚ cpu                 
â•â•â•â•â•â•â•â•â•â•â•â•â•â•â•â•â•â•â•â•â•§â•â•â•â•â•â•â•â•â•â•â•â•â•â•â•â•â•â•â•â•â•
[33m       DEBUG        [0m
â”€â”€â”€â”€â”€â”€â”€â”€â”€â”€â”€â”€â”€â”€â”€â”€â”€â”€â”€â”€â”¬â”€â”€â”€â”€â”€â”€â”€â”€â”€â”€â”€â”€â”€â”€â”€â”€â”€â”€â”€â”€â”€
supervised_value_fn â”‚ False               
  oracle_planning   â”‚ False               
 oracle_eps_greedy  â”‚ False               
   random_policy    â”‚ False               
  real_r_distance   â”‚ False               
   use_true_goals   â”‚ True                
ground_truth_neighbor_râ”‚ False               
â•â•â•â•â•â•â•â•â•â•â•â•â•â•â•â•â•â•â•â•â•§â•â•â•â•â•â•â•â•â•â•â•â•â•â•â•â•â•â•â•â•â•
â•â•â•â•â•â•â•â•â•â•â•â•â•â•â•â•â•â•â•â•â•â•â•â•â•â•â•â•â•â•â•â•â•â•â•â•â•â•â•â•â•â•
[33m        env         [0m
â”€â”€â”€â”€â”€â”€â”€â”€â”€â”€â”€â”€â”€â”€â”€â”€â”€â”€â”€â”€â”¬â”€â”€â”€â”€â”€â”€â”€â”€â”€â”€â”€â”€â”€â”€â”€â”€â”€â”€â”€â”€â”€
      discrete      â”‚ True                
      id_less       â”‚ True                
     act_scale      â”‚ 0.5                 
â•â•â•â•â•â•â•â•â•â•â•â•â•â•â•â•â•â•â•â•â•§â•â•â•â•â•â•â•â•â•â•â•â•â•â•â•â•â•â•â•â•â•
â•â•â•â•â•â•â•â•â•â•â•â•â•â•â•â•â•â•â•â•â•â•â•â•â•â•â•â•â•â•â•â•â•â•â•â•â•â•â•â•â•â•
[33m        Args        [0m
â”€â”€â”€â”€â”€â”€â”€â”€â”€â”€â”€â”€â”€â”€â”€â”€â”€â”€â”€â”€â”¬â”€â”€â”€â”€â”€â”€â”€â”€â”€â”€â”€â”€â”€â”€â”€â”€â”€â”€â”€â”€â”€
       env_id       â”‚ å›MazeDiscreteIdLess-v0
        seed        â”‚ 0                   
     n_rollouts     â”‚ 200                 
      num_envs      â”‚ 20                  
     timesteps      â”‚ 10                  
     latent_dim     â”‚ 50                  
 load_local_metric  â”‚ /episodeyang/plan2vec/2019/05-13/å›-maze/å›_maze_local_metric/13.06/48.004024/models/local_metric.pkl
       top_k        â”‚ 50                  
       term_r       â”‚ 1                   
include_traj_neighborsâ”‚ True                
     plan_steps     â”‚ 3                   
      r_scale       â”‚ 0.2                 
     num_epochs     â”‚ 5000                
      batch_n       â”‚ 20                  
         H          â”‚ 50                  
       gamma        â”‚ 1                   
     eps_greedy     â”‚ 0.05                
     relabel_k      â”‚ 5                   
    optim_steps     â”‚ 6                   
  optim_batch_size  â”‚ 32                  
   target_update    â”‚ 0.95                
         lr         â”‚ 0.0001              
evaluation_interval â”‚ 10                  
visualization_intervalâ”‚ 10                  
   binary_reward    â”‚ False               
       device       â”‚ cpu                 
â•â•â•â•â•â•â•â•â•â•â•â•â•â•â•â•â•â•â•â•â•§â•â•â•â•â•â•â•â•â•â•â•â•â•â•â•â•â•â•â•â•â•
[33m       DEBUG        [0m
â”€â”€â”€â”€â”€â”€â”€â”€â”€â”€â”€â”€â”€â”€â”€â”€â”€â”€â”€â”€â”¬â”€â”€â”€â”€â”€â”€â”€â”€â”€â”€â”€â”€â”€â”€â”€â”€â”€â”€â”€â”€â”€
supervised_value_fn â”‚ False               
  oracle_planning   â”‚ False               
 oracle_eps_greedy  â”‚ False               
   random_policy    â”‚ False               
  real_r_distance   â”‚ False               
   use_true_goals   â”‚ True                
ground_truth_neighbor_râ”‚ False               
â•â•â•â•â•â•â•â•â•â•â•â•â•â•â•â•â•â•â•â•â•§â•â•â•â•â•â•â•â•â•â•â•â•â•â•â•â•â•â•â•â•â•
â•â•â•â•â•â•â•â•â•â•â•â•â•â•â•â•â•â•â•â•â•â•â•â•â•â•â•â•â•â•â•â•â•â•â•â•â•â•â•â•â•â•
[33m        env         [0m
â”€â”€â”€â”€â”€â”€â”€â”€â”€â”€â”€â”€â”€â”€â”€â”€â”€â”€â”€â”€â”¬â”€â”€â”€â”€â”€â”€â”€â”€â”€â”€â”€â”€â”€â”€â”€â”€â”€â”€â”€â”€â”€
      discrete      â”‚ True                
      id_less       â”‚ True                
     act_scale      â”‚ 0.5                 
â•â•â•â•â•â•â•â•â•â•â•â•â•â•â•â•â•â•â•â•â•§â•â•â•â•â•â•â•â•â•â•â•â•â•â•â•â•â•â•â•â•â•
â•â•â•â•â•â•â•â•â•â•â•â•â•â•â•â•â•â•â•â•â•â•â•â•â•â•â•â•â•â•â•â•â•â•â•â•â•â•â•â•â•â•
[33m        Args        [0m
â”€â”€â”€â”€â”€â”€â”€â”€â”€â”€â”€â”€â”€â”€â”€â”€â”€â”€â”€â”€â”¬â”€â”€â”€â”€â”€â”€â”€â”€â”€â”€â”€â”€â”€â”€â”€â”€â”€â”€â”€â”€â”€
       env_id       â”‚ å›MazeDiscreteIdLess-v0
        seed        â”‚ 0                   
     n_rollouts     â”‚ 200                 
      num_envs      â”‚ 20                  
     timesteps      â”‚ 10                  
     latent_dim     â”‚ 50                  
 load_local_metric  â”‚ /episodeyang/plan2vec/2019/05-13/å›-maze/å›_maze_local_metric/13.06/48.004024/models/local_metric.pkl
       top_k        â”‚ 50                  
       term_r       â”‚ 1                   
include_traj_neighborsâ”‚ True                
     plan_steps     â”‚ 3                   
      r_scale       â”‚ 0.2                 
     num_epochs     â”‚ 5000                
      batch_n       â”‚ 20                  
         H          â”‚ 50                  
       gamma        â”‚ 1                   
     eps_greedy     â”‚ 0.05                
     relabel_k      â”‚ 5                   
    optim_steps     â”‚ 6                   
  optim_batch_size  â”‚ 32                  
   target_update    â”‚ 0.95                
         lr         â”‚ 0.0001              
evaluation_interval â”‚ 10                  
visualization_intervalâ”‚ 10                  
   binary_reward    â”‚ False               
       device       â”‚ cpu                 
â•â•â•â•â•â•â•â•â•â•â•â•â•â•â•â•â•â•â•â•â•§â•â•â•â•â•â•â•â•â•â•â•â•â•â•â•â•â•â•â•â•â•
[33m       DEBUG        [0m
â”€â”€â”€â”€â”€â”€â”€â”€â”€â”€â”€â”€â”€â”€â”€â”€â”€â”€â”€â”€â”¬â”€â”€â”€â”€â”€â”€â”€â”€â”€â”€â”€â”€â”€â”€â”€â”€â”€â”€â”€â”€â”€
supervised_value_fn â”‚ False               
  oracle_planning   â”‚ False               
 oracle_eps_greedy  â”‚ False               
   random_policy    â”‚ False               
  real_r_distance   â”‚ False               
   use_true_goals   â”‚ True                
ground_truth_neighbor_râ”‚ False               
â•â•â•â•â•â•â•â•â•â•â•â•â•â•â•â•â•â•â•â•â•§â•â•â•â•â•â•â•â•â•â•â•â•â•â•â•â•â•â•â•â•â•
